2021/04/06 13:22:24 [INFO] Terraform version: 0.14.6  
2021/04/06 13:22:24 [INFO] Go runtime version: go1.15.6
2021/04/06 13:22:24 [INFO] CLI args: []string{"/Users/brian/bin/terraform", "apply"}
2021/04/06 13:22:24 [DEBUG] Attempting to open CLI config file: /Users/brian/.terraformrc
2021/04/06 13:22:24 [DEBUG] File doesn't exist, but doesn't need to. Ignoring.
2021/04/06 13:22:24 [DEBUG] checking for credentials in "/Users/brian/.terraform.d/plugins"
2021/04/06 13:22:24 [DEBUG] ignoring non-existing provider search directory terraform.d/plugins
2021/04/06 13:22:24 [DEBUG] will search for provider plugins in /Users/brian/.terraform.d/plugins
2021/04/06 13:22:24 [TRACE] getproviders.SearchLocalDirectory: /Users/brian/.terraform.d/plugins is a symlink to /Users/brian/.terraform.d/plugins
2021/04/06 13:22:24 [TRACE] getproviders.SearchLocalDirectory: found hashicorp.com/edu/hashicups v0.3.0 for darwin_amd64 at /Users/brian/.terraform.d/plugins/hashicorp.com/edu/hashicups/0.3/darwin_amd64
2021/04/06 13:22:24 [TRACE] getproviders.SearchLocalDirectory: found hashicorp.com/edu/hashicups v0.3.1 for darwin_amd64 at /Users/brian/.terraform.d/plugins/hashicorp.com/edu/hashicups/0.3.1/darwin_amd64
2021/04/06 13:22:24 [TRACE] getproviders.SearchLocalDirectory: found mongey2d.io/terra/confluentcloud v0.0.7 for darwin_amd64 at /Users/brian/.terraform.d/plugins/mongey2d.io/terra/confluentcloud/0.0.7/darwin_amd64
2021/04/06 13:22:24 [WARN] ignoring file "registry.terraform.io/truemark/truemark-confluent-cloud/terraform-provider-truemark-confluent-cloud" as possible package for registry.terraform.io/truemark/truemark-confluent-cloud: filename lacks expected prefix "terraform-provider-truemark-confluent-cloud_"
2021/04/06 13:22:24 [TRACE] getproviders.SearchLocalDirectory: found truemark.io/terraform/truemark-bitbucket v1.0.0 for darwin_amd64 at /Users/brian/.terraform.d/plugins/truemark.io/terraform/truemark-bitbucket/1.0.0/darwin_amd64
2021/04/06 13:22:24 [TRACE] getproviders.SearchLocalDirectory: found truemark.io/terraform/truemark-confluent-cloud v1.0.0 for darwin_amd64 at /Users/brian/.terraform.d/plugins/truemark.io/terraform/truemark-confluent-cloud/1.0.0/darwin_amd64
2021/04/06 13:22:24 [TRACE] getproviders.SearchLocalDirectory: found truemark.io/terraform/truemark-kafka v1.0.0 for darwin_amd64 at /Users/brian/.terraform.d/plugins/truemark.io/terraform/truemark-kafka/1.0.0/darwin_amd64
2021/04/06 13:22:24 [DEBUG] ignoring non-existing provider search directory /Users/brian/Library/Application Support/io.terraform/plugins
2021/04/06 13:22:24 [DEBUG] ignoring non-existing provider search directory /Library/Application Support/io.terraform/plugins
2021/04/06 13:22:24 [INFO] CLI command args: []string{"apply"}
2021/04/06 13:22:24 [TRACE] Meta.Backend: no config given or present on disk, so returning nil config
2021/04/06 13:22:24 [TRACE] Meta.Backend: backend has not previously been initialized in this working directory
2021/04/06 13:22:24 [DEBUG] New state was assigned lineage "514e5559-714b-71a2-03b9-84255fc9c0dd"
2021/04/06 13:22:24 [TRACE] Meta.Backend: using default local state only (no backend configuration, and no existing initialized backend)
2021/04/06 13:22:24 [TRACE] Meta.Backend: instantiated backend of type <nil>
2021/04/06 13:22:24 [TRACE] providercache.fillMetaCache: scanning directory .terraform/providers
2021/04/06 13:22:24 [TRACE] getproviders.SearchLocalDirectory: .terraform/providers is a symlink to .terraform/providers
2021/04/06 13:22:24 [TRACE] getproviders.SearchLocalDirectory: found truemark.io/terraform/truemark-bitbucket v1.0.0 for darwin_amd64 at .terraform/providers/truemark.io/terraform/truemark-bitbucket/1.0.0/darwin_amd64
2021/04/06 13:22:24 [TRACE] providercache.fillMetaCache: including .terraform/providers/truemark.io/terraform/truemark-bitbucket/1.0.0/darwin_amd64 as a candidate package for truemark.io/terraform/truemark-bitbucket 1.0.0
2021/04/06 13:22:24 [DEBUG] checking for provisioner in "/Users/brian/.terraform.d/plugins"
2021/04/06 13:22:24 [INFO] Failed to read plugin lock file .terraform/plugins/darwin_amd64/lock.json: open .terraform/plugins/darwin_amd64/lock.json: no such file or directory
2021/04/06 13:22:24 [TRACE] Meta.Backend: backend <nil> does not support operations, so wrapping it in a local backend
2021/04/06 13:22:24 [INFO] backend/local: starting Apply operation
2021/04/06 13:22:24 [TRACE] backend/local: requesting state manager for workspace "default"
2021/04/06 13:22:24 [TRACE] backend/local: state manager for workspace "default" will:
 - read initial snapshot from terraform.tfstate
 - write new snapshots to terraform.tfstate
 - create any backup at terraform.tfstate.backup
2021/04/06 13:22:24 [TRACE] backend/local: requesting state lock for workspace "default"
2021/04/06 13:22:24 [TRACE] statemgr.Filesystem: preparing to manage state snapshots at terraform.tfstate
2021/04/06 13:22:24 [TRACE] statemgr.Filesystem: existing snapshot has lineage "cf7b5678-02ab-b1cf-f8e1-cd9045d36b47" serial 1
2021/04/06 13:22:24 [TRACE] statemgr.Filesystem: locking terraform.tfstate using fcntl flock
2021/04/06 13:22:24 [TRACE] statemgr.Filesystem: writing lock metadata to .terraform.tfstate.lock.info
2021/04/06 13:22:24 [TRACE] backend/local: reading remote state for workspace "default"
2021/04/06 13:22:24 [TRACE] statemgr.Filesystem: reading latest snapshot from terraform.tfstate
2021/04/06 13:22:24 [TRACE] statemgr.Filesystem: read snapshot with lineage "cf7b5678-02ab-b1cf-f8e1-cd9045d36b47" serial 1
2021/04/06 13:22:24 [TRACE] backend/local: retrieving local state snapshot for workspace "default"
2021/04/06 13:22:24 [TRACE] backend/local: building context for current working directory
2021/04/06 13:22:24 [TRACE] terraform.NewContext: starting
2021/04/06 13:22:24 [TRACE] terraform.NewContext: loading provider schemas
2021/04/06 13:22:24 [TRACE] LoadSchemas: retrieving schema for provider type "truemark.io/terraform/truemark-bitbucket"
2021-04-06T13:22:24.773-0600 [INFO]  plugin: configuring client automatic mTLS
2021-04-06T13:22:24.816-0600 [DEBUG] plugin: starting plugin: path=.terraform/providers/truemark.io/terraform/truemark-bitbucket/1.0.0/darwin_amd64/terraform-provider-truemark-bitbucket args=[.terraform/providers/truemark.io/terraform/truemark-bitbucket/1.0.0/darwin_amd64/terraform-provider-truemark-bitbucket]
2021-04-06T13:22:24.820-0600 [DEBUG] plugin: plugin started: path=.terraform/providers/truemark.io/terraform/truemark-bitbucket/1.0.0/darwin_amd64/terraform-provider-truemark-bitbucket pid=68857
2021-04-06T13:22:24.820-0600 [DEBUG] plugin: waiting for RPC address: path=.terraform/providers/truemark.io/terraform/truemark-bitbucket/1.0.0/darwin_amd64/terraform-provider-truemark-bitbucket
2021-04-06T13:22:25.272-0600 [INFO]  plugin.terraform-provider-truemark-bitbucket: configuring server automatic mTLS: timestamp=2021-04-06T13:22:25.271-0600
2021-04-06T13:22:25.321-0600 [DEBUG] plugin: using plugin: version=5
2021-04-06T13:22:25.321-0600 [DEBUG] plugin.terraform-provider-truemark-bitbucket: plugin address: network=unix address=/var/folders/3l/6r8hrrm56b94zwwqzt0fr3600000gn/T/plugin011268516 timestamp=2021-04-06T13:22:25.321-0600
2021/04/06 13:22:25 [TRACE] GRPCProvider: GetSchema
2021-04-06T13:22:25.402-0600 [TRACE] plugin.stdio: waiting for stdio data
2021/04/06 13:22:25 [TRACE] GRPCProvider: Close
2021-04-06T13:22:25.409-0600 [WARN]  plugin.stdio: received EOF, stopping recv loop: err="rpc error: code = Unavailable desc = transport is closing"
2021-04-06T13:22:25.411-0600 [DEBUG] plugin: plugin process exited: path=.terraform/providers/truemark.io/terraform/truemark-bitbucket/1.0.0/darwin_amd64/terraform-provider-truemark-bitbucket pid=68857
2021-04-06T13:22:25.411-0600 [DEBUG] plugin: plugin exited
2021/04/06 13:22:25 [TRACE] terraform.NewContext: complete
2021/04/06 13:22:25 [TRACE] backend/local: finished building terraform.Context
2021/04/06 13:22:25 [TRACE] backend/local: requesting interactive input, if necessary
2021/04/06 13:22:25 [TRACE] Context.Input: Prompting for provider arguments
2021/04/06 13:22:25 [TRACE] Context.Input: Provider provider.truemark-bitbucket declared at create_project.tf:10,1-30
2021/04/06 13:22:25 [TRACE] Context.Input: Input for provider.truemark-bitbucket: map[string]cty.Value{}
2021/04/06 13:22:25 [TRACE] backend/local: running validation operation
2021/04/06 13:22:25 [INFO] terraform: building graph: GraphTypeValidate
2021/04/06 13:22:25 [TRACE] Executing graph transform *terraform.ConfigTransformer
2021/04/06 13:22:25 [TRACE] ConfigTransformer: Starting for path: 
2021/04/06 13:22:25 [TRACE] Completed graph transform *terraform.ConfigTransformer with new graph:
  truemark-bitbucket_project.terraform-project - *terraform.NodeValidatableResource
  ------
2021/04/06 13:22:25 [TRACE] Executing graph transform *terraform.RootVariableTransformer
2021/04/06 13:22:25 [TRACE] Completed graph transform *terraform.RootVariableTransformer (no changes)
2021/04/06 13:22:25 [TRACE] Executing graph transform *terraform.ModuleVariableTransformer
2021/04/06 13:22:25 [TRACE] Completed graph transform *terraform.ModuleVariableTransformer (no changes)
2021/04/06 13:22:25 [TRACE] Executing graph transform *terraform.LocalTransformer
2021/04/06 13:22:25 [TRACE] Completed graph transform *terraform.LocalTransformer (no changes)
2021/04/06 13:22:25 [TRACE] Executing graph transform *terraform.OutputTransformer
2021/04/06 13:22:25 [TRACE] Completed graph transform *terraform.OutputTransformer (no changes)
2021/04/06 13:22:25 [TRACE] Executing graph transform *terraform.OrphanResourceInstanceTransformer
2021/04/06 13:22:25 [TRACE] Completed graph transform *terraform.OrphanResourceInstanceTransformer (no changes)
2021/04/06 13:22:25 [TRACE] Executing graph transform *terraform.StateTransformer
2021/04/06 13:22:25 [TRACE] StateTransformer: state is empty, so nothing to do
2021/04/06 13:22:25 [TRACE] Completed graph transform *terraform.StateTransformer (no changes)
2021/04/06 13:22:25 [TRACE] Executing graph transform *terraform.AttachStateTransformer
2021/04/06 13:22:25 [TRACE] Completed graph transform *terraform.AttachStateTransformer (no changes)
2021/04/06 13:22:25 [TRACE] Executing graph transform *terraform.OrphanOutputTransformer
2021/04/06 13:22:25 [TRACE] Completed graph transform *terraform.OrphanOutputTransformer (no changes)
2021/04/06 13:22:25 [TRACE] Executing graph transform *terraform.AttachResourceConfigTransformer
2021/04/06 13:22:25 [TRACE] AttachResourceConfigTransformer: attaching to "truemark-bitbucket_project.terraform-project" (*terraform.NodeValidatableResource) config from create_project.tf:23,1-58
2021/04/06 13:22:25 [TRACE] AttachResourceConfigTransformer: attaching provider meta configs to truemark-bitbucket_project.terraform-project
2021/04/06 13:22:25 [TRACE] Completed graph transform *terraform.AttachResourceConfigTransformer (no changes)
2021/04/06 13:22:25 [TRACE] Executing graph transform *terraform.MissingProvisionerTransformer
2021/04/06 13:22:25 [TRACE] Completed graph transform *terraform.MissingProvisionerTransformer (no changes)
2021/04/06 13:22:25 [TRACE] Executing graph transform *terraform.ProvisionerTransformer
2021/04/06 13:22:25 [TRACE] Completed graph transform *terraform.ProvisionerTransformer (no changes)
2021/04/06 13:22:25 [TRACE] Executing graph transform *terraform.graphTransformerMulti
2021/04/06 13:22:25 [TRACE] (graphTransformerMulti) Executing graph transform *terraform.ProviderConfigTransformer
2021/04/06 13:22:25 [TRACE] ProviderConfigTransformer: attaching to "provider[\"truemark.io/terraform/truemark-bitbucket\"]" provider configuration from create_project.tf:10,1-30
2021/04/06 13:22:25 [TRACE] (graphTransformerMulti) Completed graph transform *terraform.ProviderConfigTransformer with new graph:
  provider["truemark.io/terraform/truemark-bitbucket"] - *terraform.NodeApplyableProvider
  truemark-bitbucket_project.terraform-project - *terraform.NodeValidatableResource
  ------
2021/04/06 13:22:25 [TRACE] (graphTransformerMulti) Executing graph transform *terraform.MissingProviderTransformer
2021/04/06 13:22:25 [TRACE] (graphTransformerMulti) Completed graph transform *terraform.MissingProviderTransformer (no changes)
2021/04/06 13:22:25 [TRACE] (graphTransformerMulti) Executing graph transform *terraform.ProviderTransformer
2021/04/06 13:22:25 [TRACE] ProviderTransformer: exact match for provider["truemark.io/terraform/truemark-bitbucket"] serving truemark-bitbucket_project.terraform-project
2021/04/06 13:22:25 [DEBUG] ProviderTransformer: "truemark-bitbucket_project.terraform-project" (*terraform.NodeValidatableResource) needs provider["truemark.io/terraform/truemark-bitbucket"]
2021/04/06 13:22:25 [TRACE] (graphTransformerMulti) Completed graph transform *terraform.ProviderTransformer with new graph:
  provider["truemark.io/terraform/truemark-bitbucket"] - *terraform.NodeApplyableProvider
  truemark-bitbucket_project.terraform-project - *terraform.NodeValidatableResource
    provider["truemark.io/terraform/truemark-bitbucket"] - *terraform.NodeApplyableProvider
  ------
2021/04/06 13:22:25 [TRACE] (graphTransformerMulti) Executing graph transform *terraform.PruneProviderTransformer
2021/04/06 13:22:25 [TRACE] (graphTransformerMulti) Completed graph transform *terraform.PruneProviderTransformer (no changes)
2021/04/06 13:22:25 [TRACE] (graphTransformerMulti) Executing graph transform *terraform.ParentProviderTransformer
2021/04/06 13:22:25 [TRACE] (graphTransformerMulti) Completed graph transform *terraform.ParentProviderTransformer (no changes)
2021/04/06 13:22:25 [TRACE] Completed graph transform *terraform.graphTransformerMulti with new graph:
  provider["truemark.io/terraform/truemark-bitbucket"] - *terraform.NodeApplyableProvider
  truemark-bitbucket_project.terraform-project - *terraform.NodeValidatableResource
    provider["truemark.io/terraform/truemark-bitbucket"] - *terraform.NodeApplyableProvider
  ------
2021/04/06 13:22:25 [TRACE] Executing graph transform *terraform.RemovedModuleTransformer
2021/04/06 13:22:25 [TRACE] Completed graph transform *terraform.RemovedModuleTransformer (no changes)
2021/04/06 13:22:25 [TRACE] Executing graph transform *terraform.AttachSchemaTransformer
2021/04/06 13:22:25 [TRACE] AttachSchemaTransformer: attaching resource schema to truemark-bitbucket_project.terraform-project
2021/04/06 13:22:25 [TRACE] AttachSchemaTransformer: attaching provider config schema to provider["truemark.io/terraform/truemark-bitbucket"]
2021/04/06 13:22:25 [TRACE] Completed graph transform *terraform.AttachSchemaTransformer (no changes)
2021/04/06 13:22:25 [TRACE] Executing graph transform *terraform.ModuleExpansionTransformer
2021/04/06 13:22:25 [TRACE] Completed graph transform *terraform.ModuleExpansionTransformer (no changes)
2021/04/06 13:22:25 [TRACE] Executing graph transform *terraform.ReferenceTransformer
2021/04/06 13:22:25 [DEBUG] ReferenceTransformer: "truemark-bitbucket_project.terraform-project" references: []
2021/04/06 13:22:25 [DEBUG] ReferenceTransformer: "provider[\"truemark.io/terraform/truemark-bitbucket\"]" references: []
2021/04/06 13:22:25 [TRACE] Completed graph transform *terraform.ReferenceTransformer (no changes)
2021/04/06 13:22:25 [TRACE] Executing graph transform *terraform.AttachDependenciesTransformer
2021/04/06 13:22:25 [TRACE] Completed graph transform *terraform.AttachDependenciesTransformer (no changes)
2021/04/06 13:22:25 [TRACE] Executing graph transform *terraform.attachDataResourceDependenciesTransformer
2021/04/06 13:22:25 [TRACE] Completed graph transform *terraform.attachDataResourceDependenciesTransformer (no changes)
2021/04/06 13:22:25 [TRACE] Executing graph transform *terraform.TargetsTransformer
2021/04/06 13:22:25 [TRACE] Completed graph transform *terraform.TargetsTransformer (no changes)
2021/04/06 13:22:25 [TRACE] Executing graph transform *terraform.ForcedCBDTransformer
2021/04/06 13:22:25 [TRACE] Completed graph transform *terraform.ForcedCBDTransformer (no changes)
2021/04/06 13:22:25 [TRACE] Executing graph transform *terraform.CountBoundaryTransformer
2021/04/06 13:22:25 [TRACE] Completed graph transform *terraform.CountBoundaryTransformer with new graph:
  meta.count-boundary (EachMode fixup) - *terraform.NodeCountBoundary
    provider["truemark.io/terraform/truemark-bitbucket"] - *terraform.NodeApplyableProvider
    truemark-bitbucket_project.terraform-project - *terraform.NodeValidatableResource
  provider["truemark.io/terraform/truemark-bitbucket"] - *terraform.NodeApplyableProvider
  truemark-bitbucket_project.terraform-project - *terraform.NodeValidatableResource
    provider["truemark.io/terraform/truemark-bitbucket"] - *terraform.NodeApplyableProvider
  ------
2021/04/06 13:22:25 [TRACE] Executing graph transform *terraform.CloseProviderTransformer
2021/04/06 13:22:25 [TRACE] Completed graph transform *terraform.CloseProviderTransformer with new graph:
  meta.count-boundary (EachMode fixup) - *terraform.NodeCountBoundary
    provider["truemark.io/terraform/truemark-bitbucket"] - *terraform.NodeApplyableProvider
    truemark-bitbucket_project.terraform-project - *terraform.NodeValidatableResource
  provider["truemark.io/terraform/truemark-bitbucket"] - *terraform.NodeApplyableProvider
  provider["truemark.io/terraform/truemark-bitbucket"] (close) - *terraform.graphNodeCloseProvider
    provider["truemark.io/terraform/truemark-bitbucket"] - *terraform.NodeApplyableProvider
    truemark-bitbucket_project.terraform-project - *terraform.NodeValidatableResource
  truemark-bitbucket_project.terraform-project - *terraform.NodeValidatableResource
    provider["truemark.io/terraform/truemark-bitbucket"] - *terraform.NodeApplyableProvider
  ------
2021/04/06 13:22:25 [TRACE] Executing graph transform *terraform.CloseRootModuleTransformer
2021/04/06 13:22:25 [TRACE] Completed graph transform *terraform.CloseRootModuleTransformer with new graph:
  meta.count-boundary (EachMode fixup) - *terraform.NodeCountBoundary
    provider["truemark.io/terraform/truemark-bitbucket"] - *terraform.NodeApplyableProvider
    truemark-bitbucket_project.terraform-project - *terraform.NodeValidatableResource
  provider["truemark.io/terraform/truemark-bitbucket"] - *terraform.NodeApplyableProvider
  provider["truemark.io/terraform/truemark-bitbucket"] (close) - *terraform.graphNodeCloseProvider
    provider["truemark.io/terraform/truemark-bitbucket"] - *terraform.NodeApplyableProvider
    truemark-bitbucket_project.terraform-project - *terraform.NodeValidatableResource
  root - *terraform.nodeCloseModule
    meta.count-boundary (EachMode fixup) - *terraform.NodeCountBoundary
    provider["truemark.io/terraform/truemark-bitbucket"] (close) - *terraform.graphNodeCloseProvider
  truemark-bitbucket_project.terraform-project - *terraform.NodeValidatableResource
    provider["truemark.io/terraform/truemark-bitbucket"] - *terraform.NodeApplyableProvider
  ------
2021/04/06 13:22:25 [TRACE] Executing graph transform *terraform.TransitiveReductionTransformer
2021/04/06 13:22:25 [TRACE] Completed graph transform *terraform.TransitiveReductionTransformer with new graph:
  meta.count-boundary (EachMode fixup) - *terraform.NodeCountBoundary
    truemark-bitbucket_project.terraform-project - *terraform.NodeValidatableResource
  provider["truemark.io/terraform/truemark-bitbucket"] - *terraform.NodeApplyableProvider
  provider["truemark.io/terraform/truemark-bitbucket"] (close) - *terraform.graphNodeCloseProvider
    truemark-bitbucket_project.terraform-project - *terraform.NodeValidatableResource
  root - *terraform.nodeCloseModule
    meta.count-boundary (EachMode fixup) - *terraform.NodeCountBoundary
    provider["truemark.io/terraform/truemark-bitbucket"] (close) - *terraform.graphNodeCloseProvider
  truemark-bitbucket_project.terraform-project - *terraform.NodeValidatableResource
    provider["truemark.io/terraform/truemark-bitbucket"] - *terraform.NodeApplyableProvider
  ------
2021/04/06 13:22:25 [DEBUG] Starting graph walk: walkValidate
2021/04/06 13:22:25 [TRACE] dag/walk: visiting "provider[\"truemark.io/terraform/truemark-bitbucket\"]"
2021/04/06 13:22:25 [TRACE] vertex "provider[\"truemark.io/terraform/truemark-bitbucket\"]": starting visit (*terraform.NodeApplyableProvider)
2021-04-06T13:22:25.418-0600 [INFO]  plugin: configuring client automatic mTLS
2021-04-06T13:22:25.453-0600 [DEBUG] plugin: starting plugin: path=.terraform/providers/truemark.io/terraform/truemark-bitbucket/1.0.0/darwin_amd64/terraform-provider-truemark-bitbucket args=[.terraform/providers/truemark.io/terraform/truemark-bitbucket/1.0.0/darwin_amd64/terraform-provider-truemark-bitbucket]
2021-04-06T13:22:25.457-0600 [DEBUG] plugin: plugin started: path=.terraform/providers/truemark.io/terraform/truemark-bitbucket/1.0.0/darwin_amd64/terraform-provider-truemark-bitbucket pid=68858
2021-04-06T13:22:25.457-0600 [DEBUG] plugin: waiting for RPC address: path=.terraform/providers/truemark.io/terraform/truemark-bitbucket/1.0.0/darwin_amd64/terraform-provider-truemark-bitbucket
2021-04-06T13:22:25.474-0600 [INFO]  plugin.terraform-provider-truemark-bitbucket: configuring server automatic mTLS: timestamp=2021-04-06T13:22:25.474-0600
2021-04-06T13:22:25.524-0600 [DEBUG] plugin: using plugin: version=5
2021-04-06T13:22:25.524-0600 [DEBUG] plugin.terraform-provider-truemark-bitbucket: plugin address: address=/var/folders/3l/6r8hrrm56b94zwwqzt0fr3600000gn/T/plugin039930265 network=unix timestamp=2021-04-06T13:22:25.524-0600
2021/04/06 13:22:25 [TRACE] BuiltinEvalContext: Initialized "provider[\"truemark.io/terraform/truemark-bitbucket\"]" provider for provider["truemark.io/terraform/truemark-bitbucket"]
2021-04-06T13:22:25.593-0600 [TRACE] plugin.stdio: waiting for stdio data
2021/04/06 13:22:25 [TRACE] buildProviderConfig for provider["truemark.io/terraform/truemark-bitbucket"]: using explicit config only
2021/04/06 13:22:25 [TRACE] GRPCProvider: GetSchema
2021/04/06 13:22:25 [TRACE] GRPCProvider: PrepareProviderConfig
2021/04/06 13:22:25 [TRACE] vertex "provider[\"truemark.io/terraform/truemark-bitbucket\"]": visit complete
2021/04/06 13:22:25 [TRACE] dag/walk: visiting "truemark-bitbucket_project.terraform-project"
2021/04/06 13:22:25 [TRACE] vertex "truemark-bitbucket_project.terraform-project": starting visit (*terraform.NodeValidatableResource)
2021/04/06 13:22:25 [TRACE] GRPCProvider: ValidateResourceTypeConfig
2021/04/06 13:22:25 [TRACE] vertex "truemark-bitbucket_project.terraform-project": visit complete
2021/04/06 13:22:25 [TRACE] dag/walk: visiting "meta.count-boundary (EachMode fixup)"
2021/04/06 13:22:25 [TRACE] vertex "meta.count-boundary (EachMode fixup)": starting visit (*terraform.NodeCountBoundary)
2021/04/06 13:22:25 [TRACE] vertex "meta.count-boundary (EachMode fixup)": visit complete
2021/04/06 13:22:25 [TRACE] dag/walk: visiting "provider[\"truemark.io/terraform/truemark-bitbucket\"] (close)"
2021/04/06 13:22:25 [TRACE] vertex "provider[\"truemark.io/terraform/truemark-bitbucket\"] (close)": starting visit (*terraform.graphNodeCloseProvider)
2021/04/06 13:22:25 [TRACE] GRPCProvider: Close
2021-04-06T13:22:25.601-0600 [WARN]  plugin.stdio: received EOF, stopping recv loop: err="rpc error: code = Unavailable desc = transport is closing"
2021-04-06T13:22:25.603-0600 [DEBUG] plugin: plugin process exited: path=.terraform/providers/truemark.io/terraform/truemark-bitbucket/1.0.0/darwin_amd64/terraform-provider-truemark-bitbucket pid=68858
2021-04-06T13:22:25.603-0600 [DEBUG] plugin: plugin exited
2021/04/06 13:22:25 [TRACE] vertex "provider[\"truemark.io/terraform/truemark-bitbucket\"] (close)": visit complete
2021/04/06 13:22:25 [TRACE] dag/walk: visiting "root"
2021/04/06 13:22:25 [TRACE] vertex "root": starting visit (*terraform.nodeCloseModule)
2021/04/06 13:22:25 [TRACE] vertex "root": visit complete
2021/04/06 13:22:25 [INFO] backend/local: apply calling Plan
2021/04/06 13:22:25 [INFO] terraform: building graph: GraphTypePlan
2021/04/06 13:22:25 [TRACE] Executing graph transform *terraform.ConfigTransformer
2021/04/06 13:22:25 [TRACE] ConfigTransformer: Starting for path: 
2021/04/06 13:22:25 [TRACE] Completed graph transform *terraform.ConfigTransformer with new graph:
  truemark-bitbucket_project.terraform-project (expand) - *terraform.nodeExpandPlannableResource
  ------
2021/04/06 13:22:25 [TRACE] Executing graph transform *terraform.RootVariableTransformer
2021/04/06 13:22:25 [TRACE] Completed graph transform *terraform.RootVariableTransformer (no changes)
2021/04/06 13:22:25 [TRACE] Executing graph transform *terraform.ModuleVariableTransformer
2021/04/06 13:22:25 [TRACE] Completed graph transform *terraform.ModuleVariableTransformer (no changes)
2021/04/06 13:22:25 [TRACE] Executing graph transform *terraform.LocalTransformer
2021/04/06 13:22:25 [TRACE] Completed graph transform *terraform.LocalTransformer (no changes)
2021/04/06 13:22:25 [TRACE] Executing graph transform *terraform.OutputTransformer
2021/04/06 13:22:25 [TRACE] Completed graph transform *terraform.OutputTransformer (no changes)
2021/04/06 13:22:25 [TRACE] Executing graph transform *terraform.OrphanResourceInstanceTransformer
2021/04/06 13:22:25 [TRACE] Completed graph transform *terraform.OrphanResourceInstanceTransformer (no changes)
2021/04/06 13:22:25 [TRACE] Executing graph transform *terraform.StateTransformer
2021/04/06 13:22:25 [TRACE] StateTransformer: state is empty, so nothing to do
2021/04/06 13:22:25 [TRACE] Completed graph transform *terraform.StateTransformer (no changes)
2021/04/06 13:22:25 [TRACE] Executing graph transform *terraform.AttachStateTransformer
2021/04/06 13:22:25 [TRACE] Completed graph transform *terraform.AttachStateTransformer (no changes)
2021/04/06 13:22:25 [TRACE] Executing graph transform *terraform.OrphanOutputTransformer
2021/04/06 13:22:25 [TRACE] Completed graph transform *terraform.OrphanOutputTransformer (no changes)
2021/04/06 13:22:25 [TRACE] Executing graph transform *terraform.AttachResourceConfigTransformer
2021/04/06 13:22:25 [TRACE] AttachResourceConfigTransformer: attaching to "truemark-bitbucket_project.terraform-project (expand)" (*terraform.nodeExpandPlannableResource) config from create_project.tf:23,1-58
2021/04/06 13:22:25 [TRACE] AttachResourceConfigTransformer: attaching provider meta configs to truemark-bitbucket_project.terraform-project (expand)
2021/04/06 13:22:25 [TRACE] Completed graph transform *terraform.AttachResourceConfigTransformer (no changes)
2021/04/06 13:22:25 [TRACE] Executing graph transform *terraform.MissingProvisionerTransformer
2021/04/06 13:22:25 [TRACE] Completed graph transform *terraform.MissingProvisionerTransformer (no changes)
2021/04/06 13:22:25 [TRACE] Executing graph transform *terraform.ProvisionerTransformer
2021/04/06 13:22:25 [TRACE] Completed graph transform *terraform.ProvisionerTransformer (no changes)
2021/04/06 13:22:25 [TRACE] Executing graph transform *terraform.graphTransformerMulti
2021/04/06 13:22:25 [TRACE] (graphTransformerMulti) Executing graph transform *terraform.ProviderConfigTransformer
2021/04/06 13:22:25 [TRACE] ProviderConfigTransformer: attaching to "provider[\"truemark.io/terraform/truemark-bitbucket\"]" provider configuration from create_project.tf:10,1-30
2021/04/06 13:22:25 [TRACE] (graphTransformerMulti) Completed graph transform *terraform.ProviderConfigTransformer with new graph:
  provider["truemark.io/terraform/truemark-bitbucket"] - *terraform.NodeApplyableProvider
  truemark-bitbucket_project.terraform-project (expand) - *terraform.nodeExpandPlannableResource
  ------
2021/04/06 13:22:25 [TRACE] (graphTransformerMulti) Executing graph transform *terraform.MissingProviderTransformer
2021/04/06 13:22:25 [TRACE] (graphTransformerMulti) Completed graph transform *terraform.MissingProviderTransformer (no changes)
2021/04/06 13:22:25 [TRACE] (graphTransformerMulti) Executing graph transform *terraform.ProviderTransformer
2021/04/06 13:22:25 [TRACE] ProviderTransformer: exact match for provider["truemark.io/terraform/truemark-bitbucket"] serving truemark-bitbucket_project.terraform-project (expand)
2021/04/06 13:22:25 [DEBUG] ProviderTransformer: "truemark-bitbucket_project.terraform-project (expand)" (*terraform.nodeExpandPlannableResource) needs provider["truemark.io/terraform/truemark-bitbucket"]
2021/04/06 13:22:25 [TRACE] (graphTransformerMulti) Completed graph transform *terraform.ProviderTransformer with new graph:
  provider["truemark.io/terraform/truemark-bitbucket"] - *terraform.NodeApplyableProvider
  truemark-bitbucket_project.terraform-project (expand) - *terraform.nodeExpandPlannableResource
    provider["truemark.io/terraform/truemark-bitbucket"] - *terraform.NodeApplyableProvider
  ------
2021/04/06 13:22:25 [TRACE] (graphTransformerMulti) Executing graph transform *terraform.PruneProviderTransformer
2021/04/06 13:22:25 [TRACE] (graphTransformerMulti) Completed graph transform *terraform.PruneProviderTransformer (no changes)
2021/04/06 13:22:25 [TRACE] (graphTransformerMulti) Executing graph transform *terraform.ParentProviderTransformer
2021/04/06 13:22:25 [TRACE] (graphTransformerMulti) Completed graph transform *terraform.ParentProviderTransformer (no changes)
2021/04/06 13:22:25 [TRACE] Completed graph transform *terraform.graphTransformerMulti with new graph:
  provider["truemark.io/terraform/truemark-bitbucket"] - *terraform.NodeApplyableProvider
  truemark-bitbucket_project.terraform-project (expand) - *terraform.nodeExpandPlannableResource
    provider["truemark.io/terraform/truemark-bitbucket"] - *terraform.NodeApplyableProvider
  ------
2021/04/06 13:22:25 [TRACE] Executing graph transform *terraform.RemovedModuleTransformer
2021/04/06 13:22:25 [TRACE] Completed graph transform *terraform.RemovedModuleTransformer (no changes)
2021/04/06 13:22:25 [TRACE] Executing graph transform *terraform.AttachSchemaTransformer
2021/04/06 13:22:25 [TRACE] AttachSchemaTransformer: attaching resource schema to truemark-bitbucket_project.terraform-project (expand)
2021/04/06 13:22:25 [TRACE] AttachSchemaTransformer: attaching provider config schema to provider["truemark.io/terraform/truemark-bitbucket"]
2021/04/06 13:22:25 [TRACE] Completed graph transform *terraform.AttachSchemaTransformer (no changes)
2021/04/06 13:22:25 [TRACE] Executing graph transform *terraform.ModuleExpansionTransformer
2021/04/06 13:22:25 [TRACE] Completed graph transform *terraform.ModuleExpansionTransformer (no changes)
2021/04/06 13:22:25 [TRACE] Executing graph transform *terraform.ReferenceTransformer
2021/04/06 13:22:25 [DEBUG] ReferenceTransformer: "truemark-bitbucket_project.terraform-project (expand)" references: []
2021/04/06 13:22:25 [DEBUG] ReferenceTransformer: "provider[\"truemark.io/terraform/truemark-bitbucket\"]" references: []
2021/04/06 13:22:25 [TRACE] Completed graph transform *terraform.ReferenceTransformer (no changes)
2021/04/06 13:22:25 [TRACE] Executing graph transform *terraform.AttachDependenciesTransformer
2021/04/06 13:22:25 [TRACE] AttachDependenciesTransformer: truemark-bitbucket_project.terraform-project depends on []
2021/04/06 13:22:25 [TRACE] Completed graph transform *terraform.AttachDependenciesTransformer (no changes)
2021/04/06 13:22:25 [TRACE] Executing graph transform *terraform.attachDataResourceDependenciesTransformer
2021/04/06 13:22:25 [TRACE] Completed graph transform *terraform.attachDataResourceDependenciesTransformer (no changes)
2021/04/06 13:22:25 [TRACE] Executing graph transform *terraform.TargetsTransformer
2021/04/06 13:22:25 [TRACE] Completed graph transform *terraform.TargetsTransformer (no changes)
2021/04/06 13:22:25 [TRACE] Executing graph transform *terraform.ForcedCBDTransformer
2021/04/06 13:22:25 [TRACE] ForcedCBDTransformer: "truemark-bitbucket_project.terraform-project (expand)" (*terraform.nodeExpandPlannableResource) has no CBD descendent, so skipping
2021/04/06 13:22:25 [TRACE] Completed graph transform *terraform.ForcedCBDTransformer (no changes)
2021/04/06 13:22:25 [TRACE] Executing graph transform *terraform.CountBoundaryTransformer
2021/04/06 13:22:25 [TRACE] Completed graph transform *terraform.CountBoundaryTransformer with new graph:
  meta.count-boundary (EachMode fixup) - *terraform.NodeCountBoundary
    provider["truemark.io/terraform/truemark-bitbucket"] - *terraform.NodeApplyableProvider
    truemark-bitbucket_project.terraform-project (expand) - *terraform.nodeExpandPlannableResource
  provider["truemark.io/terraform/truemark-bitbucket"] - *terraform.NodeApplyableProvider
  truemark-bitbucket_project.terraform-project (expand) - *terraform.nodeExpandPlannableResource
    provider["truemark.io/terraform/truemark-bitbucket"] - *terraform.NodeApplyableProvider
  ------
2021/04/06 13:22:25 [TRACE] Executing graph transform *terraform.CloseProviderTransformer
2021/04/06 13:22:25 [TRACE] Completed graph transform *terraform.CloseProviderTransformer with new graph:
  meta.count-boundary (EachMode fixup) - *terraform.NodeCountBoundary
    provider["truemark.io/terraform/truemark-bitbucket"] - *terraform.NodeApplyableProvider
    truemark-bitbucket_project.terraform-project (expand) - *terraform.nodeExpandPlannableResource
  provider["truemark.io/terraform/truemark-bitbucket"] - *terraform.NodeApplyableProvider
  provider["truemark.io/terraform/truemark-bitbucket"] (close) - *terraform.graphNodeCloseProvider
    provider["truemark.io/terraform/truemark-bitbucket"] - *terraform.NodeApplyableProvider
    truemark-bitbucket_project.terraform-project (expand) - *terraform.nodeExpandPlannableResource
  truemark-bitbucket_project.terraform-project (expand) - *terraform.nodeExpandPlannableResource
    provider["truemark.io/terraform/truemark-bitbucket"] - *terraform.NodeApplyableProvider
  ------
2021/04/06 13:22:25 [TRACE] Executing graph transform *terraform.CloseRootModuleTransformer
2021/04/06 13:22:25 [TRACE] Completed graph transform *terraform.CloseRootModuleTransformer with new graph:
  meta.count-boundary (EachMode fixup) - *terraform.NodeCountBoundary
    provider["truemark.io/terraform/truemark-bitbucket"] - *terraform.NodeApplyableProvider
    truemark-bitbucket_project.terraform-project (expand) - *terraform.nodeExpandPlannableResource
  provider["truemark.io/terraform/truemark-bitbucket"] - *terraform.NodeApplyableProvider
  provider["truemark.io/terraform/truemark-bitbucket"] (close) - *terraform.graphNodeCloseProvider
    provider["truemark.io/terraform/truemark-bitbucket"] - *terraform.NodeApplyableProvider
    truemark-bitbucket_project.terraform-project (expand) - *terraform.nodeExpandPlannableResource
  root - *terraform.nodeCloseModule
    meta.count-boundary (EachMode fixup) - *terraform.NodeCountBoundary
    provider["truemark.io/terraform/truemark-bitbucket"] (close) - *terraform.graphNodeCloseProvider
  truemark-bitbucket_project.terraform-project (expand) - *terraform.nodeExpandPlannableResource
    provider["truemark.io/terraform/truemark-bitbucket"] - *terraform.NodeApplyableProvider
  ------
2021/04/06 13:22:25 [TRACE] Executing graph transform *terraform.TransitiveReductionTransformer
2021/04/06 13:22:25 [TRACE] Completed graph transform *terraform.TransitiveReductionTransformer with new graph:
  meta.count-boundary (EachMode fixup) - *terraform.NodeCountBoundary
    truemark-bitbucket_project.terraform-project (expand) - *terraform.nodeExpandPlannableResource
  provider["truemark.io/terraform/truemark-bitbucket"] - *terraform.NodeApplyableProvider
  provider["truemark.io/terraform/truemark-bitbucket"] (close) - *terraform.graphNodeCloseProvider
    truemark-bitbucket_project.terraform-project (expand) - *terraform.nodeExpandPlannableResource
  root - *terraform.nodeCloseModule
    meta.count-boundary (EachMode fixup) - *terraform.NodeCountBoundary
    provider["truemark.io/terraform/truemark-bitbucket"] (close) - *terraform.graphNodeCloseProvider
  truemark-bitbucket_project.terraform-project (expand) - *terraform.nodeExpandPlannableResource
    provider["truemark.io/terraform/truemark-bitbucket"] - *terraform.NodeApplyableProvider
  ------
2021/04/06 13:22:25 [DEBUG] Starting graph walk: walkPlan
2021/04/06 13:22:25 [TRACE] dag/walk: visiting "provider[\"truemark.io/terraform/truemark-bitbucket\"]"
2021/04/06 13:22:25 [TRACE] vertex "provider[\"truemark.io/terraform/truemark-bitbucket\"]": starting visit (*terraform.NodeApplyableProvider)
2021-04-06T13:22:25.606-0600 [INFO]  plugin: configuring client automatic mTLS
2021-04-06T13:22:25.644-0600 [DEBUG] plugin: starting plugin: path=.terraform/providers/truemark.io/terraform/truemark-bitbucket/1.0.0/darwin_amd64/terraform-provider-truemark-bitbucket args=[.terraform/providers/truemark.io/terraform/truemark-bitbucket/1.0.0/darwin_amd64/terraform-provider-truemark-bitbucket]
2021-04-06T13:22:25.647-0600 [DEBUG] plugin: plugin started: path=.terraform/providers/truemark.io/terraform/truemark-bitbucket/1.0.0/darwin_amd64/terraform-provider-truemark-bitbucket pid=68859
2021-04-06T13:22:25.647-0600 [DEBUG] plugin: waiting for RPC address: path=.terraform/providers/truemark.io/terraform/truemark-bitbucket/1.0.0/darwin_amd64/terraform-provider-truemark-bitbucket
2021-04-06T13:22:25.664-0600 [INFO]  plugin.terraform-provider-truemark-bitbucket: configuring server automatic mTLS: timestamp=2021-04-06T13:22:25.663-0600
2021-04-06T13:22:25.712-0600 [DEBUG] plugin.terraform-provider-truemark-bitbucket: plugin address: address=/var/folders/3l/6r8hrrm56b94zwwqzt0fr3600000gn/T/plugin035925422 network=unix timestamp=2021-04-06T13:22:25.712-0600
2021-04-06T13:22:25.712-0600 [DEBUG] plugin: using plugin: version=5
2021/04/06 13:22:25 [TRACE] BuiltinEvalContext: Initialized "provider[\"truemark.io/terraform/truemark-bitbucket\"]" provider for provider["truemark.io/terraform/truemark-bitbucket"]
2021-04-06T13:22:25.778-0600 [TRACE] plugin.stdio: waiting for stdio data
2021/04/06 13:22:25 [TRACE] buildProviderConfig for provider["truemark.io/terraform/truemark-bitbucket"]: using explicit config only
2021/04/06 13:22:25 [TRACE] GRPCProvider: GetSchema
2021/04/06 13:22:25 [TRACE] GRPCProvider: Configure
2021-04-06T13:22:25.781-0600 [INFO]  plugin.terraform-provider-truemark-bitbucket: 2021/04/06 13:22:25 [INFO] Initializing BitBucket Client: timestamp=2021-04-06T13:22:25.781-0600
2021/04/06 13:22:25 [TRACE] vertex "provider[\"truemark.io/terraform/truemark-bitbucket\"]": visit complete
2021/04/06 13:22:25 [TRACE] dag/walk: visiting "truemark-bitbucket_project.terraform-project (expand)"
2021/04/06 13:22:25 [TRACE] vertex "truemark-bitbucket_project.terraform-project (expand)": starting visit (*terraform.nodeExpandPlannableResource)
2021/04/06 13:22:25 [TRACE] vertex "truemark-bitbucket_project.terraform-project (expand)": expanding dynamic subgraph
2021/04/06 13:22:25 [TRACE] vertex "truemark-bitbucket_project.terraform-project (expand)": entering dynamic subgraph
2021/04/06 13:22:25 [TRACE] dag/walk: visiting "truemark-bitbucket_project.terraform-project"
2021/04/06 13:22:25 [TRACE] vertex "truemark-bitbucket_project.terraform-project": starting visit (*terraform.NodePlannableResource)
2021/04/06 13:22:25 [TRACE] vertex "truemark-bitbucket_project.terraform-project": expanding dynamic subgraph
2021/04/06 13:22:25 [TRACE] Executing graph transform *terraform.ResourceCountTransformer
2021/04/06 13:22:25 [TRACE] ResourceCountTransformer: adding truemark-bitbucket_project.terraform-project as *terraform.NodePlannableResourceInstance
2021/04/06 13:22:25 [TRACE] Completed graph transform *terraform.ResourceCountTransformer with new graph:
  truemark-bitbucket_project.terraform-project - *terraform.NodePlannableResourceInstance
  ------
2021/04/06 13:22:25 [TRACE] Executing graph transform *terraform.OrphanResourceInstanceCountTransformer
2021/04/06 13:22:25 [TRACE] Completed graph transform *terraform.OrphanResourceInstanceCountTransformer (no changes)
2021/04/06 13:22:25 [TRACE] Executing graph transform *terraform.AttachStateTransformer
2021/04/06 13:22:25 [DEBUG] Resource instance state not found for node "truemark-bitbucket_project.terraform-project", instance truemark-bitbucket_project.terraform-project
2021/04/06 13:22:25 [TRACE] Completed graph transform *terraform.AttachStateTransformer (no changes)
2021/04/06 13:22:25 [TRACE] Executing graph transform *terraform.TargetsTransformer
2021/04/06 13:22:25 [TRACE] Completed graph transform *terraform.TargetsTransformer (no changes)
2021/04/06 13:22:25 [TRACE] Executing graph transform *terraform.ReferenceTransformer
2021/04/06 13:22:25 [DEBUG] ReferenceTransformer: "truemark-bitbucket_project.terraform-project" references: []
2021/04/06 13:22:25 [TRACE] Completed graph transform *terraform.ReferenceTransformer (no changes)
2021/04/06 13:22:25 [TRACE] Executing graph transform *terraform.RootTransformer
2021/04/06 13:22:25 [TRACE] Completed graph transform *terraform.RootTransformer (no changes)
2021/04/06 13:22:25 [TRACE] vertex "truemark-bitbucket_project.terraform-project": entering dynamic subgraph
2021/04/06 13:22:25 [TRACE] dag/walk: visiting "truemark-bitbucket_project.terraform-project"
2021/04/06 13:22:25 [TRACE] vertex "truemark-bitbucket_project.terraform-project": starting visit (*terraform.NodePlannableResourceInstance)
2021/04/06 13:22:25 [TRACE] ReadResourceInstanceState: reading state for truemark-bitbucket_project.terraform-project
2021/04/06 13:22:25 [TRACE] ReadResourceInstanceState: no state present for truemark-bitbucket_project.terraform-project
2021/04/06 13:22:25 [DEBUG] refresh: truemark-bitbucket_project.terraform-project: no state, so not refreshing
2021/04/06 13:22:25 [TRACE] EvalWriteState: using RefreshState for truemark-bitbucket_project.terraform-project
2021/04/06 13:22:25 [TRACE] EvalWriteState: removing state object for truemark-bitbucket_project.terraform-project
2021/04/06 13:22:25 [TRACE] Re-validating config for "truemark-bitbucket_project.terraform-project"
2021/04/06 13:22:25 [TRACE] GRPCProvider: ValidateResourceTypeConfig
2021/04/06 13:22:25 [TRACE] GRPCProvider: PlanResourceChange
2021/04/06 13:22:25 [TRACE] EvalWriteState: writing current state object for truemark-bitbucket_project.terraform-project
2021/04/06 13:22:25 [TRACE] EvalWriteDiff: recorded Create change for truemark-bitbucket_project.terraform-project
2021/04/06 13:22:25 [TRACE] vertex "truemark-bitbucket_project.terraform-project": visit complete
2021/04/06 13:22:25 [TRACE] vertex "truemark-bitbucket_project.terraform-project": dynamic subgraph completed successfully
2021/04/06 13:22:25 [TRACE] vertex "truemark-bitbucket_project.terraform-project": visit complete
2021/04/06 13:22:25 [TRACE] vertex "truemark-bitbucket_project.terraform-project (expand)": dynamic subgraph completed successfully
2021/04/06 13:22:25 [TRACE] vertex "truemark-bitbucket_project.terraform-project (expand)": visit complete
2021/04/06 13:22:25 [TRACE] dag/walk: visiting "meta.count-boundary (EachMode fixup)"
2021/04/06 13:22:25 [TRACE] vertex "meta.count-boundary (EachMode fixup)": starting visit (*terraform.NodeCountBoundary)
2021/04/06 13:22:25 [TRACE] vertex "meta.count-boundary (EachMode fixup)": visit complete
2021/04/06 13:22:25 [TRACE] dag/walk: visiting "provider[\"truemark.io/terraform/truemark-bitbucket\"] (close)"
2021/04/06 13:22:25 [TRACE] vertex "provider[\"truemark.io/terraform/truemark-bitbucket\"] (close)": starting visit (*terraform.graphNodeCloseProvider)
2021/04/06 13:22:25 [TRACE] GRPCProvider: Close
2021-04-06T13:22:25.788-0600 [WARN]  plugin.stdio: received EOF, stopping recv loop: err="rpc error: code = Unavailable desc = transport is closing"
2021-04-06T13:22:25.789-0600 [DEBUG] plugin: plugin process exited: path=.terraform/providers/truemark.io/terraform/truemark-bitbucket/1.0.0/darwin_amd64/terraform-provider-truemark-bitbucket pid=68859
2021-04-06T13:22:25.789-0600 [DEBUG] plugin: plugin exited
2021/04/06 13:22:25 [TRACE] vertex "provider[\"truemark.io/terraform/truemark-bitbucket\"] (close)": visit complete
2021/04/06 13:22:25 [TRACE] dag/walk: visiting "root"
2021/04/06 13:22:25 [TRACE] vertex "root": starting visit (*terraform.nodeCloseModule)
2021/04/06 13:22:25 [TRACE] vertex "root": visit complete
2021/04/06 13:22:25 [DEBUG] command: asking for input: "Do you want to perform these actions?"
2021/04/06 13:22:26 [INFO] backend/local: apply calling Apply
2021/04/06 13:22:26 [INFO] terraform: building graph: GraphTypeApply
2021/04/06 13:22:26 [TRACE] Executing graph transform *terraform.ConfigTransformer
2021/04/06 13:22:26 [TRACE] ConfigTransformer: Starting for path: 
2021/04/06 13:22:26 [TRACE] Completed graph transform *terraform.ConfigTransformer with new graph:
  truemark-bitbucket_project.terraform-project (expand) - *terraform.nodeExpandApplyableResource
  ------
2021/04/06 13:22:26 [TRACE] Executing graph transform *terraform.RootVariableTransformer
2021/04/06 13:22:26 [TRACE] Completed graph transform *terraform.RootVariableTransformer (no changes)
2021/04/06 13:22:26 [TRACE] Executing graph transform *terraform.ModuleVariableTransformer
2021/04/06 13:22:26 [TRACE] Completed graph transform *terraform.ModuleVariableTransformer (no changes)
2021/04/06 13:22:26 [TRACE] Executing graph transform *terraform.LocalTransformer
2021/04/06 13:22:26 [TRACE] Completed graph transform *terraform.LocalTransformer (no changes)
2021/04/06 13:22:26 [TRACE] Executing graph transform *terraform.OutputTransformer
2021/04/06 13:22:26 [TRACE] Completed graph transform *terraform.OutputTransformer (no changes)
2021/04/06 13:22:26 [TRACE] Executing graph transform *terraform.DiffTransformer
2021/04/06 13:22:26 [TRACE] DiffTransformer starting
2021/04/06 13:22:26 [TRACE] DiffTransformer: found Create change for truemark-bitbucket_project.terraform-project 
2021/04/06 13:22:26 [TRACE] DiffTransformer: truemark-bitbucket_project.terraform-project will be represented by truemark-bitbucket_project.terraform-project
2021/04/06 13:22:26 [TRACE] DiffTransformer complete
2021/04/06 13:22:26 [TRACE] Completed graph transform *terraform.DiffTransformer with new graph:
  truemark-bitbucket_project.terraform-project - *terraform.NodeApplyableResourceInstance
    truemark-bitbucket_project.terraform-project (expand) - *terraform.nodeExpandApplyableResource
  truemark-bitbucket_project.terraform-project (expand) - *terraform.nodeExpandApplyableResource
  ------
2021/04/06 13:22:26 [TRACE] Executing graph transform *terraform.AttachStateTransformer
2021/04/06 13:22:26 [DEBUG] Resource state not found for node "truemark-bitbucket_project.terraform-project", instance truemark-bitbucket_project.terraform-project
2021/04/06 13:22:26 [TRACE] Completed graph transform *terraform.AttachStateTransformer (no changes)
2021/04/06 13:22:26 [TRACE] Executing graph transform *terraform.OrphanOutputTransformer
2021/04/06 13:22:26 [TRACE] Completed graph transform *terraform.OrphanOutputTransformer (no changes)
2021/04/06 13:22:26 [TRACE] Executing graph transform *terraform.AttachResourceConfigTransformer
2021/04/06 13:22:26 [TRACE] AttachResourceConfigTransformer: attaching to "truemark-bitbucket_project.terraform-project (expand)" (*terraform.nodeExpandApplyableResource) config from create_project.tf:23,1-58
2021/04/06 13:22:26 [TRACE] AttachResourceConfigTransformer: attaching provider meta configs to truemark-bitbucket_project.terraform-project (expand)
2021/04/06 13:22:26 [TRACE] AttachResourceConfigTransformer: attaching to "truemark-bitbucket_project.terraform-project" (*terraform.NodeApplyableResourceInstance) config from create_project.tf:23,1-58
2021/04/06 13:22:26 [TRACE] AttachResourceConfigTransformer: attaching provider meta configs to truemark-bitbucket_project.terraform-project
2021/04/06 13:22:26 [TRACE] Completed graph transform *terraform.AttachResourceConfigTransformer (no changes)
2021/04/06 13:22:26 [TRACE] Executing graph transform *terraform.MissingProvisionerTransformer
2021/04/06 13:22:26 [TRACE] Completed graph transform *terraform.MissingProvisionerTransformer (no changes)
2021/04/06 13:22:26 [TRACE] Executing graph transform *terraform.ProvisionerTransformer
2021/04/06 13:22:26 [TRACE] Completed graph transform *terraform.ProvisionerTransformer (no changes)
2021/04/06 13:22:26 [TRACE] Executing graph transform *terraform.graphTransformerMulti
2021/04/06 13:22:26 [TRACE] (graphTransformerMulti) Executing graph transform *terraform.ProviderConfigTransformer
2021/04/06 13:22:26 [TRACE] ProviderConfigTransformer: attaching to "provider[\"truemark.io/terraform/truemark-bitbucket\"]" provider configuration from create_project.tf:10,1-30
2021/04/06 13:22:26 [TRACE] (graphTransformerMulti) Completed graph transform *terraform.ProviderConfigTransformer with new graph:
  provider["truemark.io/terraform/truemark-bitbucket"] - *terraform.NodeApplyableProvider
  truemark-bitbucket_project.terraform-project - *terraform.NodeApplyableResourceInstance
    truemark-bitbucket_project.terraform-project (expand) - *terraform.nodeExpandApplyableResource
  truemark-bitbucket_project.terraform-project (expand) - *terraform.nodeExpandApplyableResource
  ------
2021/04/06 13:22:26 [TRACE] (graphTransformerMulti) Executing graph transform *terraform.MissingProviderTransformer
2021/04/06 13:22:26 [TRACE] (graphTransformerMulti) Completed graph transform *terraform.MissingProviderTransformer (no changes)
2021/04/06 13:22:26 [TRACE] (graphTransformerMulti) Executing graph transform *terraform.ProviderTransformer
2021/04/06 13:22:26 [TRACE] ProviderTransformer: exact match for provider["truemark.io/terraform/truemark-bitbucket"] serving truemark-bitbucket_project.terraform-project
2021/04/06 13:22:26 [DEBUG] ProviderTransformer: "truemark-bitbucket_project.terraform-project" (*terraform.NodeApplyableResourceInstance) needs provider["truemark.io/terraform/truemark-bitbucket"]
2021/04/06 13:22:26 [TRACE] ProviderTransformer: exact match for provider["truemark.io/terraform/truemark-bitbucket"] serving truemark-bitbucket_project.terraform-project (expand)
2021/04/06 13:22:26 [DEBUG] ProviderTransformer: "truemark-bitbucket_project.terraform-project (expand)" (*terraform.nodeExpandApplyableResource) needs provider["truemark.io/terraform/truemark-bitbucket"]
2021/04/06 13:22:26 [TRACE] (graphTransformerMulti) Completed graph transform *terraform.ProviderTransformer with new graph:
  provider["truemark.io/terraform/truemark-bitbucket"] - *terraform.NodeApplyableProvider
  truemark-bitbucket_project.terraform-project - *terraform.NodeApplyableResourceInstance
    provider["truemark.io/terraform/truemark-bitbucket"] - *terraform.NodeApplyableProvider
    truemark-bitbucket_project.terraform-project (expand) - *terraform.nodeExpandApplyableResource
  truemark-bitbucket_project.terraform-project (expand) - *terraform.nodeExpandApplyableResource
    provider["truemark.io/terraform/truemark-bitbucket"] - *terraform.NodeApplyableProvider
  ------
2021/04/06 13:22:26 [TRACE] (graphTransformerMulti) Executing graph transform *terraform.PruneProviderTransformer
2021/04/06 13:22:26 [TRACE] (graphTransformerMulti) Completed graph transform *terraform.PruneProviderTransformer (no changes)
2021/04/06 13:22:26 [TRACE] (graphTransformerMulti) Executing graph transform *terraform.ParentProviderTransformer
2021/04/06 13:22:26 [TRACE] (graphTransformerMulti) Completed graph transform *terraform.ParentProviderTransformer (no changes)
2021/04/06 13:22:26 [TRACE] Completed graph transform *terraform.graphTransformerMulti with new graph:
  provider["truemark.io/terraform/truemark-bitbucket"] - *terraform.NodeApplyableProvider
  truemark-bitbucket_project.terraform-project - *terraform.NodeApplyableResourceInstance
    provider["truemark.io/terraform/truemark-bitbucket"] - *terraform.NodeApplyableProvider
    truemark-bitbucket_project.terraform-project (expand) - *terraform.nodeExpandApplyableResource
  truemark-bitbucket_project.terraform-project (expand) - *terraform.nodeExpandApplyableResource
    provider["truemark.io/terraform/truemark-bitbucket"] - *terraform.NodeApplyableProvider
  ------
2021/04/06 13:22:26 [TRACE] Executing graph transform *terraform.RemovedModuleTransformer
2021/04/06 13:22:26 [TRACE] Completed graph transform *terraform.RemovedModuleTransformer (no changes)
2021/04/06 13:22:26 [TRACE] Executing graph transform *terraform.AttachSchemaTransformer
2021/04/06 13:22:26 [TRACE] AttachSchemaTransformer: attaching resource schema to truemark-bitbucket_project.terraform-project (expand)
2021/04/06 13:22:26 [TRACE] AttachSchemaTransformer: attaching resource schema to truemark-bitbucket_project.terraform-project
2021/04/06 13:22:26 [TRACE] AttachSchemaTransformer: attaching provider config schema to provider["truemark.io/terraform/truemark-bitbucket"]
2021/04/06 13:22:26 [TRACE] Completed graph transform *terraform.AttachSchemaTransformer (no changes)
2021/04/06 13:22:26 [TRACE] Executing graph transform *terraform.ModuleExpansionTransformer
2021/04/06 13:22:26 [TRACE] Completed graph transform *terraform.ModuleExpansionTransformer (no changes)
2021/04/06 13:22:26 [TRACE] Executing graph transform *terraform.ReferenceTransformer
2021/04/06 13:22:26 [DEBUG] ReferenceTransformer: "truemark-bitbucket_project.terraform-project (expand)" references: []
2021/04/06 13:22:26 [DEBUG] ReferenceTransformer: "truemark-bitbucket_project.terraform-project" references: []
2021/04/06 13:22:26 [DEBUG] ReferenceTransformer: "provider[\"truemark.io/terraform/truemark-bitbucket\"]" references: []
2021/04/06 13:22:26 [TRACE] Completed graph transform *terraform.ReferenceTransformer (no changes)
2021/04/06 13:22:26 [TRACE] Executing graph transform *terraform.AttachDependenciesTransformer
2021/04/06 13:22:26 [TRACE] AttachDependenciesTransformer: truemark-bitbucket_project.terraform-project depends on []
2021/04/06 13:22:26 [TRACE] Completed graph transform *terraform.AttachDependenciesTransformer (no changes)
2021/04/06 13:22:26 [TRACE] Executing graph transform *terraform.ForcedCBDTransformer
2021/04/06 13:22:26 [TRACE] ForcedCBDTransformer: "truemark-bitbucket_project.terraform-project" (*terraform.NodeApplyableResourceInstance) has no CBD descendent, so skipping
2021/04/06 13:22:26 [TRACE] Completed graph transform *terraform.ForcedCBDTransformer (no changes)
2021/04/06 13:22:26 [TRACE] Executing graph transform *terraform.DestroyEdgeTransformer
2021/04/06 13:22:26 [TRACE] Completed graph transform *terraform.DestroyEdgeTransformer (no changes)
2021/04/06 13:22:26 [TRACE] Executing graph transform *terraform.CBDEdgeTransformer
2021/04/06 13:22:26 [TRACE] Completed graph transform *terraform.CBDEdgeTransformer (no changes)
2021/04/06 13:22:26 [TRACE] Executing graph transform *terraform.pruneUnusedNodesTransformer
2021/04/06 13:22:26 [TRACE] Completed graph transform *terraform.pruneUnusedNodesTransformer (no changes)
2021/04/06 13:22:26 [TRACE] Executing graph transform *terraform.TargetsTransformer
2021/04/06 13:22:26 [TRACE] Completed graph transform *terraform.TargetsTransformer (no changes)
2021/04/06 13:22:26 [TRACE] Executing graph transform *terraform.CountBoundaryTransformer
2021/04/06 13:22:26 [TRACE] Completed graph transform *terraform.CountBoundaryTransformer with new graph:
  meta.count-boundary (EachMode fixup) - *terraform.NodeCountBoundary
    provider["truemark.io/terraform/truemark-bitbucket"] - *terraform.NodeApplyableProvider
    truemark-bitbucket_project.terraform-project - *terraform.NodeApplyableResourceInstance
    truemark-bitbucket_project.terraform-project (expand) - *terraform.nodeExpandApplyableResource
  provider["truemark.io/terraform/truemark-bitbucket"] - *terraform.NodeApplyableProvider
  truemark-bitbucket_project.terraform-project - *terraform.NodeApplyableResourceInstance
    provider["truemark.io/terraform/truemark-bitbucket"] - *terraform.NodeApplyableProvider
    truemark-bitbucket_project.terraform-project (expand) - *terraform.nodeExpandApplyableResource
  truemark-bitbucket_project.terraform-project (expand) - *terraform.nodeExpandApplyableResource
    provider["truemark.io/terraform/truemark-bitbucket"] - *terraform.NodeApplyableProvider
  ------
2021/04/06 13:22:26 [TRACE] Executing graph transform *terraform.CloseProviderTransformer
2021/04/06 13:22:26 [TRACE] Completed graph transform *terraform.CloseProviderTransformer with new graph:
  meta.count-boundary (EachMode fixup) - *terraform.NodeCountBoundary
    provider["truemark.io/terraform/truemark-bitbucket"] - *terraform.NodeApplyableProvider
    truemark-bitbucket_project.terraform-project - *terraform.NodeApplyableResourceInstance
    truemark-bitbucket_project.terraform-project (expand) - *terraform.nodeExpandApplyableResource
  provider["truemark.io/terraform/truemark-bitbucket"] - *terraform.NodeApplyableProvider
  provider["truemark.io/terraform/truemark-bitbucket"] (close) - *terraform.graphNodeCloseProvider
    provider["truemark.io/terraform/truemark-bitbucket"] - *terraform.NodeApplyableProvider
    truemark-bitbucket_project.terraform-project - *terraform.NodeApplyableResourceInstance
    truemark-bitbucket_project.terraform-project (expand) - *terraform.nodeExpandApplyableResource
  truemark-bitbucket_project.terraform-project - *terraform.NodeApplyableResourceInstance
    provider["truemark.io/terraform/truemark-bitbucket"] - *terraform.NodeApplyableProvider
    truemark-bitbucket_project.terraform-project (expand) - *terraform.nodeExpandApplyableResource
  truemark-bitbucket_project.terraform-project (expand) - *terraform.nodeExpandApplyableResource
    provider["truemark.io/terraform/truemark-bitbucket"] - *terraform.NodeApplyableProvider
  ------
2021/04/06 13:22:26 [TRACE] Executing graph transform *terraform.CloseProvisionerTransformer
2021/04/06 13:22:26 [TRACE] Completed graph transform *terraform.CloseProvisionerTransformer (no changes)
2021/04/06 13:22:26 [TRACE] Executing graph transform *terraform.CloseRootModuleTransformer
2021/04/06 13:22:26 [TRACE] Completed graph transform *terraform.CloseRootModuleTransformer with new graph:
  meta.count-boundary (EachMode fixup) - *terraform.NodeCountBoundary
    provider["truemark.io/terraform/truemark-bitbucket"] - *terraform.NodeApplyableProvider
    truemark-bitbucket_project.terraform-project - *terraform.NodeApplyableResourceInstance
    truemark-bitbucket_project.terraform-project (expand) - *terraform.nodeExpandApplyableResource
  provider["truemark.io/terraform/truemark-bitbucket"] - *terraform.NodeApplyableProvider
  provider["truemark.io/terraform/truemark-bitbucket"] (close) - *terraform.graphNodeCloseProvider
    provider["truemark.io/terraform/truemark-bitbucket"] - *terraform.NodeApplyableProvider
    truemark-bitbucket_project.terraform-project - *terraform.NodeApplyableResourceInstance
    truemark-bitbucket_project.terraform-project (expand) - *terraform.nodeExpandApplyableResource
  root - *terraform.nodeCloseModule
    meta.count-boundary (EachMode fixup) - *terraform.NodeCountBoundary
    provider["truemark.io/terraform/truemark-bitbucket"] (close) - *terraform.graphNodeCloseProvider
  truemark-bitbucket_project.terraform-project - *terraform.NodeApplyableResourceInstance
    provider["truemark.io/terraform/truemark-bitbucket"] - *terraform.NodeApplyableProvider
    truemark-bitbucket_project.terraform-project (expand) - *terraform.nodeExpandApplyableResource
  truemark-bitbucket_project.terraform-project (expand) - *terraform.nodeExpandApplyableResource
    provider["truemark.io/terraform/truemark-bitbucket"] - *terraform.NodeApplyableProvider
  ------
2021/04/06 13:22:26 [TRACE] Executing graph transform *terraform.TransitiveReductionTransformer
2021/04/06 13:22:26 [TRACE] Completed graph transform *terraform.TransitiveReductionTransformer with new graph:
  meta.count-boundary (EachMode fixup) - *terraform.NodeCountBoundary
    truemark-bitbucket_project.terraform-project - *terraform.NodeApplyableResourceInstance
  provider["truemark.io/terraform/truemark-bitbucket"] - *terraform.NodeApplyableProvider
  provider["truemark.io/terraform/truemark-bitbucket"] (close) - *terraform.graphNodeCloseProvider
    truemark-bitbucket_project.terraform-project - *terraform.NodeApplyableResourceInstance
  root - *terraform.nodeCloseModule
    meta.count-boundary (EachMode fixup) - *terraform.NodeCountBoundary
    provider["truemark.io/terraform/truemark-bitbucket"] (close) - *terraform.graphNodeCloseProvider
  truemark-bitbucket_project.terraform-project - *terraform.NodeApplyableResourceInstance
    truemark-bitbucket_project.terraform-project (expand) - *terraform.nodeExpandApplyableResource
  truemark-bitbucket_project.terraform-project (expand) - *terraform.nodeExpandApplyableResource
    provider["truemark.io/terraform/truemark-bitbucket"] - *terraform.NodeApplyableProvider
  ------
2021/04/06 13:22:26 [DEBUG] Starting graph walk: walkApply
2021/04/06 13:22:26 [TRACE] dag/walk: visiting "provider[\"truemark.io/terraform/truemark-bitbucket\"]"
2021/04/06 13:22:26 [TRACE] vertex "provider[\"truemark.io/terraform/truemark-bitbucket\"]": starting visit (*terraform.NodeApplyableProvider)
2021-04-06T13:22:26.912-0600 [INFO]  plugin: configuring client automatic mTLS
2021-04-06T13:22:26.945-0600 [DEBUG] plugin: starting plugin: path=.terraform/providers/truemark.io/terraform/truemark-bitbucket/1.0.0/darwin_amd64/terraform-provider-truemark-bitbucket args=[.terraform/providers/truemark.io/terraform/truemark-bitbucket/1.0.0/darwin_amd64/terraform-provider-truemark-bitbucket]
2021-04-06T13:22:26.949-0600 [DEBUG] plugin: plugin started: path=.terraform/providers/truemark.io/terraform/truemark-bitbucket/1.0.0/darwin_amd64/terraform-provider-truemark-bitbucket pid=68869
2021-04-06T13:22:26.949-0600 [DEBUG] plugin: waiting for RPC address: path=.terraform/providers/truemark.io/terraform/truemark-bitbucket/1.0.0/darwin_amd64/terraform-provider-truemark-bitbucket
2021-04-06T13:22:26.966-0600 [INFO]  plugin.terraform-provider-truemark-bitbucket: configuring server automatic mTLS: timestamp=2021-04-06T13:22:26.965-0600
2021-04-06T13:22:27.014-0600 [DEBUG] plugin.terraform-provider-truemark-bitbucket: plugin address: network=unix address=/var/folders/3l/6r8hrrm56b94zwwqzt0fr3600000gn/T/plugin341266624 timestamp=2021-04-06T13:22:27.014-0600
2021-04-06T13:22:27.014-0600 [DEBUG] plugin: using plugin: version=5
2021-04-06T13:22:27.078-0600 [TRACE] plugin.stdio: waiting for stdio data
2021/04/06 13:22:27 [TRACE] BuiltinEvalContext: Initialized "provider[\"truemark.io/terraform/truemark-bitbucket\"]" provider for provider["truemark.io/terraform/truemark-bitbucket"]
2021/04/06 13:22:27 [TRACE] buildProviderConfig for provider["truemark.io/terraform/truemark-bitbucket"]: using explicit config only
2021/04/06 13:22:27 [TRACE] GRPCProvider: GetSchema
2021/04/06 13:22:27 [TRACE] GRPCProvider: Configure
2021-04-06T13:22:27.081-0600 [INFO]  plugin.terraform-provider-truemark-bitbucket: 2021/04/06 13:22:27 [INFO] Initializing BitBucket Client: timestamp=2021-04-06T13:22:27.081-0600
2021/04/06 13:22:27 [TRACE] vertex "provider[\"truemark.io/terraform/truemark-bitbucket\"]": visit complete
2021/04/06 13:22:27 [TRACE] dag/walk: visiting "truemark-bitbucket_project.terraform-project (expand)"
2021/04/06 13:22:27 [TRACE] vertex "truemark-bitbucket_project.terraform-project (expand)": starting visit (*terraform.nodeExpandApplyableResource)
2021/04/06 13:22:27 [TRACE] vertex "truemark-bitbucket_project.terraform-project (expand)": expanding dynamic subgraph
2021/04/06 13:22:27 [TRACE] vertex "truemark-bitbucket_project.terraform-project (expand)": entering dynamic subgraph
2021/04/06 13:22:27 [TRACE] dag/walk: visiting "truemark-bitbucket_project.terraform-project"
2021/04/06 13:22:27 [TRACE] vertex "truemark-bitbucket_project.terraform-project": starting visit (*terraform.NodeApplyableResource)
2021/04/06 13:22:27 [TRACE] vertex "truemark-bitbucket_project.terraform-project": visit complete
2021/04/06 13:22:27 [TRACE] vertex "truemark-bitbucket_project.terraform-project (expand)": dynamic subgraph completed successfully
2021/04/06 13:22:27 [TRACE] vertex "truemark-bitbucket_project.terraform-project (expand)": visit complete
2021/04/06 13:22:27 [TRACE] dag/walk: visiting "truemark-bitbucket_project.terraform-project"
2021/04/06 13:22:27 [TRACE] vertex "truemark-bitbucket_project.terraform-project": starting visit (*terraform.NodeApplyableResourceInstance)
2021/04/06 13:22:27 [TRACE] EvalReadDiff: Read Create change from plan for truemark-bitbucket_project.terraform-project
2021/04/06 13:22:27 [TRACE] EvalReadState: reading state for truemark-bitbucket_project.terraform-project
2021/04/06 13:22:27 [TRACE] EvalReadState: no state present for truemark-bitbucket_project.terraform-project
2021/04/06 13:22:27 [TRACE] EvalReadDiff: Read Create change from plan for truemark-bitbucket_project.terraform-project
2021/04/06 13:22:27 [TRACE] Re-validating config for "truemark-bitbucket_project.terraform-project"
2021/04/06 13:22:27 [TRACE] GRPCProvider: ValidateResourceTypeConfig
2021/04/06 13:22:27 [TRACE] GRPCProvider: PlanResourceChange
2021/04/06 13:22:27 [TRACE] EvalCheckPlannedChange: Verifying that actual change (action Create) matches planned change (action Create)
2021/04/06 13:22:27 [TRACE] EvalReadState: reading state for truemark-bitbucket_project.terraform-project
2021/04/06 13:22:27 [TRACE] EvalReadState: no state present for truemark-bitbucket_project.terraform-project
2021/04/06 13:22:27 [DEBUG] EvalApply: ProviderMeta config value set
2021/04/06 13:22:27 [DEBUG] truemark-bitbucket_project.terraform-project: applying the planned Create change
2021/04/06 13:22:27 [TRACE] GRPCProvider: ApplyResourceChange
2021-04-06T13:22:27.085-0600 [INFO]  plugin.terraform-provider-truemark-bitbucket: 2021/04/06 13:22:27 Entering projectCreate(): timestamp=2021-04-06T13:22:27.085-0600
2021-04-06T13:22:27.085-0600 [INFO]  plugin.terraform-provider-truemark-bitbucket: 2021/04/06 13:22:27 [map[name:bitbucket-tfprovider-workspace type:workspace]]: timestamp=2021-04-06T13:22:27.085-0600
2021-04-06T13:22:27.085-0600 [INFO]  plugin.terraform-provider-truemark-bitbucket: 2021/04/06 13:22:27 context.Background.WithCancel.WithValue(type peer.peerKey, val <not Stringer>).WithValue(type metadata.mdIncomingKey, val <not Stringer>).WithValue(type grpc.streamKey, val <not Stringer>).WithCancel.WithDeadline(2021-04-06 13:42:27.08553 -0600 MDT m=+1200.125736404 [19m59.99986789s]): timestamp=2021-04-06T13:22:27.085-0600
2021-04-06T13:22:27.085-0600 [INFO]  plugin.terraform-provider-truemark-bitbucket: 2021/04/06 13:22:27: timestamp=2021-04-06T13:22:27.085-0600
2021-04-06T13:22:27.085-0600 [INFO]  plugin.terraform-provider-truemark-bitbucket: 2021/04/06 13:22:27 Auth'd Context?? Here it is:: timestamp=2021-04-06T13:22:27.085-0600
2021-04-06T13:22:27.087-0600 [DEBUG] plugin.terraform-provider-truemark-bitbucket: panic: interface conversion: interface {} is nil, not bitbucket_client.BasicAuth
2021-04-06T13:22:27.087-0600 [DEBUG] plugin.terraform-provider-truemark-bitbucket: 
2021-04-06T13:22:27.088-0600 [DEBUG] plugin.terraform-provider-truemark-bitbucket: goroutine 98 [running]:
2021-04-06T13:22:27.088-0600 [DEBUG] plugin.terraform-provider-truemark-bitbucket: github.com/truemark/terraform-provider-bitbucket/terraform_bitbucket.projectCreate(0x1c39128, 0xc000307d40, 0xc00017bd00, 0x1a4dc20, 0xc000297260, 0xc00041af20, 0x12c27ca, 0xc000266a80)
2021-04-06T13:22:27.088-0600 [DEBUG] plugin.terraform-provider-truemark-bitbucket: 	/Users/brian/dev_space/TrueMark/terraform-providers/terraform-provider-bitbucket/terraform_bitbucket/project.go:258 +0xd09
2021-04-06T13:22:27.088-0600 [DEBUG] plugin.terraform-provider-truemark-bitbucket: github.com/hashicorp/terraform-plugin-sdk/v2/helper/schema.(*Resource).create(0xc00018c8c0, 0x1c390b8, 0xc00024b2c0, 0xc00017bd00, 0x1a4dc20, 0xc000297260, 0x0, 0x0, 0x0)
2021-04-06T13:22:27.088-0600 [DEBUG] plugin.terraform-provider-truemark-bitbucket: 	/Users/brian/go/pkg/mod/github.com/hashicorp/terraform-plugin-sdk/v2@v2.5.0/helper/schema/resource.go:330 +0x17f
2021-04-06T13:22:27.088-0600 [DEBUG] plugin.terraform-provider-truemark-bitbucket: github.com/hashicorp/terraform-plugin-sdk/v2/helper/schema.(*Resource).Apply(0xc00018c8c0, 0x1c390b8, 0xc00024b2c0, 0xc000263730, 0xc000266a80, 0x1a4dc20, 0xc000297260, 0x0, 0x0, 0x0, ...)
2021-04-06T13:22:27.088-0600 [DEBUG] plugin.terraform-provider-truemark-bitbucket: 	/Users/brian/go/pkg/mod/github.com/hashicorp/terraform-plugin-sdk/v2@v2.5.0/helper/schema/resource.go:456 +0x67b
2021-04-06T13:22:27.088-0600 [DEBUG] plugin.terraform-provider-truemark-bitbucket: github.com/hashicorp/terraform-plugin-sdk/v2/helper/schema.(*GRPCProviderServer).ApplyResourceChange(0xc00012b1e8, 0x1c390b8, 0xc00024b2c0, 0xc0003d82d0, 0xc00024b2c0, 0x1ad2860, 0xc0003d2700)
2021-04-06T13:22:27.088-0600 [DEBUG] plugin.terraform-provider-truemark-bitbucket: 	/Users/brian/go/pkg/mod/github.com/hashicorp/terraform-plugin-sdk/v2@v2.5.0/helper/schema/grpc_provider.go:955 +0x8ef
2021-04-06T13:22:27.088-0600 [DEBUG] plugin.terraform-provider-truemark-bitbucket: github.com/hashicorp/terraform-plugin-go/tfprotov5/server.(*server).ApplyResourceChange(0xc0003eab00, 0x1c39160, 0xc00024b2c0, 0xc000263420, 0xc0003eab00, 0xc0003d2780, 0xc000089ba0)
2021-04-06T13:22:27.088-0600 [DEBUG] plugin.terraform-provider-truemark-bitbucket: 	/Users/brian/go/pkg/mod/github.com/hashicorp/terraform-plugin-go@v0.2.1/tfprotov5/server/server.go:332 +0xb5
2021-04-06T13:22:27.088-0600 [DEBUG] plugin.terraform-provider-truemark-bitbucket: github.com/hashicorp/terraform-plugin-go/tfprotov5/internal/tfplugin5._Provider_ApplyResourceChange_Handler(0x1ad2860, 0xc0003eab00, 0x1c39160, 0xc0003d2780, 0xc000307740, 0x0, 0x1c39160, 0xc0003d2780, 0xc000220480, 0x216)
2021-04-06T13:22:27.088-0600 [DEBUG] plugin.terraform-provider-truemark-bitbucket: 	/Users/brian/go/pkg/mod/github.com/hashicorp/terraform-plugin-go@v0.2.1/tfprotov5/internal/tfplugin5/tfplugin5_grpc.pb.go:380 +0x214
2021-04-06T13:22:27.088-0600 [DEBUG] plugin.terraform-provider-truemark-bitbucket: google.golang.org/grpc.(*Server).processUnaryRPC(0xc0002ace00, 0x1c404f8, 0xc000582d80, 0xc0007c4000, 0xc0003026f0, 0x2166860, 0x0, 0x0, 0x0)
2021-04-06T13:22:27.088-0600 [DEBUG] plugin.terraform-provider-truemark-bitbucket: 	/Users/brian/go/pkg/mod/google.golang.org/grpc@v1.32.0/server.go:1194 +0x52b
2021-04-06T13:22:27.088-0600 [DEBUG] plugin.terraform-provider-truemark-bitbucket: google.golang.org/grpc.(*Server).handleStream(0xc0002ace00, 0x1c404f8, 0xc000582d80, 0xc0007c4000, 0x0)
2021-04-06T13:22:27.088-0600 [DEBUG] plugin.terraform-provider-truemark-bitbucket: 	/Users/brian/go/pkg/mod/google.golang.org/grpc@v1.32.0/server.go:1517 +0xd0c
2021-04-06T13:22:27.088-0600 [DEBUG] plugin.terraform-provider-truemark-bitbucket: google.golang.org/grpc.(*Server).serveStreams.func1.2(0xc000038230, 0xc0002ace00, 0x1c404f8, 0xc000582d80, 0xc0007c4000)
2021-04-06T13:22:27.088-0600 [DEBUG] plugin.terraform-provider-truemark-bitbucket: 	/Users/brian/go/pkg/mod/google.golang.org/grpc@v1.32.0/server.go:859 +0xab
2021-04-06T13:22:27.088-0600 [DEBUG] plugin.terraform-provider-truemark-bitbucket: created by google.golang.org/grpc.(*Server).serveStreams.func1
2021-04-06T13:22:27.088-0600 [DEBUG] plugin.terraform-provider-truemark-bitbucket: 	/Users/brian/go/pkg/mod/google.golang.org/grpc@v1.32.0/server.go:857 +0x1fd
2021-04-06T13:22:27.090-0600 [WARN]  plugin.stdio: received EOF, stopping recv loop: err="rpc error: code = Unavailable desc = transport is closing"
2021/04/06 13:22:27 [DEBUG] truemark-bitbucket_project.terraform-project: apply errored, but we're indicating that via the Error pointer rather than returning it: rpc error: code = Unavailable desc = transport is closing
2021/04/06 13:22:27 [TRACE] EvalMaybeTainted: truemark-bitbucket_project.terraform-project encountered an error during creation, so it is now marked as tainted
2021-04-06T13:22:27.091-0600 [DEBUG] plugin: plugin process exited: path=.terraform/providers/truemark.io/terraform/truemark-bitbucket/1.0.0/darwin_amd64/terraform-provider-truemark-bitbucket pid=68869 error="exit status 2"
2021/04/06 13:22:27 [TRACE] EvalWriteState: removing state object for truemark-bitbucket_project.terraform-project
2021/04/06 13:22:27 [TRACE] EvalApplyProvisioners: truemark-bitbucket_project.terraform-project has no state, so skipping provisioners
2021/04/06 13:22:27 [TRACE] EvalMaybeTainted: truemark-bitbucket_project.terraform-project encountered an error during creation, so it is now marked as tainted
2021/04/06 13:22:27 [TRACE] EvalWriteState: removing state object for truemark-bitbucket_project.terraform-project
2021/04/06 13:22:27 [TRACE] vertex "truemark-bitbucket_project.terraform-project": visit complete
2021/04/06 13:22:27 [TRACE] dag/walk: upstream of "meta.count-boundary (EachMode fixup)" errored, so skipping
2021/04/06 13:22:27 [TRACE] dag/walk: upstream of "provider[\"truemark.io/terraform/truemark-bitbucket\"] (close)" errored, so skipping
2021/04/06 13:22:27 [TRACE] dag/walk: upstream of "root" errored, so skipping
2021/04/06 13:22:27 [TRACE] statemgr.Filesystem: not making a backup, because the new snapshot is identical to the old
2021/04/06 13:22:27 [TRACE] statemgr.Filesystem: no state changes since last snapshot
2021/04/06 13:22:27 [TRACE] statemgr.Filesystem: writing snapshot at terraform.tfstate
2021/04/06 13:22:27 [TRACE] statemgr.Filesystem: removing lock metadata file .terraform.tfstate.lock.info
2021/04/06 13:22:27 [TRACE] statemgr.Filesystem: unlocking terraform.tfstate using fcntl flock
2021-04-06T13:22:27.134-0600 [DEBUG] plugin: plugin exited
